2020/03/05 15:43:10.794 [I] [asm_amd64.s:1357]  http server Running on http://:8083
2020/03/05 15:43:17.780 [D] [server.go:2802]  |            ::1|[42m 200 [0m|     175.01ms|   match|[44m GET     [0m /place   r:/place/
2020/03/05 15:43:41.491 [D] [server.go:2802]  |            ::1|[42m 200 [0m|    10.0006ms|   match|[44m GET     [0m /place   r:/place/
2020/03/05 15:43:53.602 [I] [asm_amd64.s:1357]  http server Running on http://:8083
2020/03/05 15:43:54.075 [D] [server.go:2802]  |            ::1|[42m 200 [0m|    10.0006ms|   match|[44m GET     [0m /place   r:/place/
2020/03/05 15:44:13.081 [D] [server.go:2802]  |            ::1|[42m 200 [0m|    11.0007ms|   match|[44m GET     [0m /place   r:/place/
2020/03/05 15:46:22.966 [D] [server.go:2802]  |            ::1|[42m 200 [0m|    10.0005ms|   match|[44m GET     [0m /place   r:/place/
2020/03/05 15:46:46.127 [D] [server.go:2802]  |            ::1|[42m 200 [0m|     7.0004ms|   match|[44m GET     [0m /place   r:/place/
2020/03/05 15:47:00.114 [D] [server.go:2802]  |            ::1|[42m 200 [0m|     4.0002ms|   match|[44m GET     [0m /place   r:/place/
2020/03/05 15:47:21.446 [D] [server.go:2802]  |            ::1|[42m 200 [0m|     6.0003ms|   match|[44m GET     [0m /place   r:/place/
2020/03/05 15:48:26.165 [D] [server.go:2802]  |            ::1|[42m 200 [0m|     7.0004ms|   match|[44m GET     [0m /place   r:/place/
2020/03/05 15:48:45.869 [D] [server.go:2802]  |            ::1|[42m 200 [0m|    11.0006ms|   match|[44m GET     [0m /place   r:/place/
2020/03/05 15:49:16.751 [D] [server.go:2802]  |            ::1|[42m 200 [0m|     3.0002ms|   match|[44m GET     [0m /place   r:/place/
2020/03/05 15:49:47.988 [D] [server.go:2802]  |            ::1|[42m 200 [0m|     5.0003ms|   match|[44m GET     [0m /place   r:/place/
2020/03/05 15:51:32.686 [D] [server.go:2802]  |            ::1|[42m 200 [0m|    10.0006ms|   match|[44m GET     [0m /place   r:/place/
2020/03/05 15:52:24.529 [D] [server.go:2802]  |            ::1|[42m 200 [0m|     2.0001ms|   match|[44m GET     [0m /place   r:/place/
2020/03/05 15:52:43.000 [D] [server.go:2802]  |            ::1|[42m 200 [0m|     9.0005ms|   match|[44m GET     [0m /place   r:/place/
2020/03/05 15:52:57.140 [D] [server.go:2802]  |            ::1|[42m 200 [0m|     2.0001ms|   match|[44m GET     [0m /place   r:/place/
2020/03/05 15:55:13.005 [D] [server.go:2802]  |            ::1|[42m 200 [0m|     7.0004ms|   match|[44m GET     [0m /place   r:/place/
2020/03/05 15:55:49.964 [D] [server.go:2802]  |            ::1|[42m 200 [0m|    12.0007ms|   match|[44m GET     [0m /place   r:/place/
2020/03/05 15:56:04.969 [D] [server.go:2802]  |            ::1|[42m 200 [0m|     4.0002ms|   match|[44m GET     [0m /place   r:/place/
2020/03/05 15:56:26.682 [D] [server.go:2802]  |            ::1|[42m 200 [0m|    13.0007ms|   match|[44m GET     [0m /place   r:/place/
2020/03/05 15:56:48.525 [D] [server.go:2802]  |            ::1|[42m 200 [0m|     3.0001ms|   match|[44m GET     [0m /place   r:/place/
2020/03/05 15:59:54.203 [D] [server.go:2802]  |            ::1|[42m 200 [0m|     6.0004ms|   match|[44m GET     [0m /place   r:/place/
2020/03/05 16:00:13.605 [I] [asm_amd64.s:1357]  http server Running on http://:8083
2020/03/05 16:00:13.759 [D] [server.go:2802]  |            ::1|[42m 200 [0m|    13.0007ms|   match|[44m GET     [0m /place   r:/place/
2020/03/05 16:00:29.971 [D] [server.go:2802]  |            ::1|[42m 200 [0m|    12.0007ms|   match|[44m GET     [0m /place   r:/place/
2020/03/05 16:00:59.020 [D] [server.go:2802]  |            ::1|[42m 200 [0m|    21.0012ms|   match|[44m GET     [0m /place   r:/place/
2020/03/05 16:01:33.725 [D] [server.go:2802]  |            ::1|[42m 200 [0m|    10.0006ms|   match|[44m GET     [0m /place   r:/place/
2020/03/05 16:01:49.296 [I] [asm_amd64.s:1357]  http server Running on http://:8083
2020/03/05 16:01:50.300 [D] [server.go:2802]  |            ::1|[42m 200 [0m|     9.0005ms|   match|[44m GET     [0m /place   r:/place/
2020/03/05 16:03:34.440 [I] [asm_amd64.s:1357]  http server Running on http://:8083
2020/03/05 16:03:35.556 [D] [server.go:2802]  |            ::1|[42m 200 [0m|    23.0013ms|   match|[44m GET     [0m /place   r:/place/
2020/03/05 16:03:55.842 [D] [server.go:2802]  |            ::1|[42m 200 [0m|     8.0004ms|   match|[44m GET     [0m /place   r:/place/
2020/03/05 16:04:30.529 [I] [asm_amd64.s:1357]  http server Running on http://:8083
2020/03/05 16:04:31.585 [D] [server.go:2802]  |            ::1|[42m 200 [0m|    12.0007ms|   match|[44m GET     [0m /place   r:/place/
2020/03/05 16:05:10.675 [I] [asm_amd64.s:1357]  http server Running on http://:8083
2020/03/05 16:05:10.727 [D] [server.go:2802]  |            ::1|[42m 200 [0m|    16.0009ms|   match|[44m GET     [0m /place   r:/place/
2020/03/05 16:05:36.477 [D] [server.go:2802]  |            ::1|[42m 200 [0m|    13.0007ms|   match|[44m GET     [0m /place   r:/place/
2020/03/05 16:05:49.057 [D] [server.go:2802]  |            ::1|[47m 302 [0m|    27.0015ms|   match|[46m POST    [0m /place   r:/place/
2020/03/05 16:05:49.064 [D] [server.go:2802]  |            ::1|[42m 200 [0m|     3.0002ms|   match|[44m GET     [0m /place   r:/place/
2020/03/05 16:05:51.742 [D] [server.go:2802]  |            ::1|[42m 200 [0m|     7.0004ms|   match|[44m GET     [0m /place   r:/place/
2020/03/05 16:06:13.788 [I] [asm_amd64.s:1357]  http server Running on http://:8083
2020/03/05 16:06:17.664 [D] [server.go:2802]  |            ::1|[42m 200 [0m|    10.0006ms|   match|[44m GET     [0m /place   r:/place/
2020/03/05 16:06:20.773 [D] [server.go:2802]  |            ::1|[47m 302 [0m|     7.0004ms|   match|[46m POST    [0m /place   r:/place/
2020/03/05 16:06:20.786 [D] [server.go:2802]  |            ::1|[42m 200 [0m|     5.0002ms|   match|[44m GET     [0m /place   r:/place/
2020/03/05 16:06:51.481 [D] [server.go:2802]  |            ::1|[42m 200 [0m|    10.0006ms|   match|[44m GET     [0m /place   r:/place/
2020/03/05 16:07:36.277 [I] [asm_amd64.s:1357]  http server Running on http://:8083
2020/03/05 16:07:36.351 [D] [server.go:2802]  |            ::1|[42m 200 [0m|     6.0004ms|   match|[44m GET     [0m /place   r:/place/
2020/03/05 16:07:39.430 [D] [server.go:2802]  |            ::1|[47m 302 [0m|    16.0009ms|   match|[46m POST    [0m /place   r:/place/
2020/03/05 16:07:39.447 [D] [server.go:2802]  |            ::1|[42m 200 [0m|     8.0005ms|   match|[44m GET     [0m /place   r:/place/
2020/03/05 16:08:02.241 [I] [asm_amd64.s:1357]  http server Running on http://:8083
2020/03/05 16:08:02.355 [D] [server.go:2802]  |            ::1|[42m 200 [0m|     7.0004ms|   match|[44m GET     [0m /place   r:/place/
2020/03/05 16:08:38.389 [D] [server.go:2802]  |            ::1|[42m 200 [0m|    25.0014ms|   match|[44m GET     [0m /place   r:/place/
2020/03/05 16:09:14.990 [D] [server.go:2802]  |            ::1|[42m 200 [0m|     9.0005ms|   match|[44m GET     [0m /place   r:/place/
2020/03/05 16:09:23.505 [D] [server.go:2802]  |            ::1|[42m 200 [0m|     5.0002ms|   match|[44m GET     [0m /place   r:/place/
2020/03/05 16:10:36.852 [D] [server.go:2802]  |            ::1|[42m 200 [0m|    10.0006ms|   match|[44m GET     [0m /place   r:/place/
2020/03/05 16:10:38.707 [D] [server.go:2802]  |            ::1|[43m 404 [0m|     1.0001ms| nomatch|[46m POST    [0m /place/1
2020/03/05 16:10:38.949 [D] [server.go:2802]  |            ::1|[43m 404 [0m|          1ms| nomatch|[46m POST    [0m /place/6
2020/03/05 16:10:38.949 [D] [server.go:2802]  |            ::1|[43m 404 [0m|     2.0001ms| nomatch|[46m POST    [0m /place/2
2020/03/05 16:10:38.951 [D] [server.go:2802]  |            ::1|[43m 404 [0m|          1ms| nomatch|[46m POST    [0m /place/7
2020/03/05 16:10:38.952 [D] [server.go:2802]  |            ::1|[43m 404 [0m|     1.0001ms| nomatch|[46m POST    [0m /place/10
2020/03/05 16:10:40.356 [D] [server.go:2802]  |            ::1|[42m 200 [0m|    12.0007ms|   match|[44m GET     [0m /place   r:/place/
2020/03/05 16:16:55.816 [I] [asm_amd64.s:1357]  http server Running on http://:8083
2020/03/05 16:16:58.254 [D] [server.go:2802]  |            ::1|[42m 200 [0m|    13.0007ms|   match|[44m GET     [0m /place   r:/place/
2020/03/05 16:17:04.084 [D] [server.go:2802]  |            ::1|[43m 404 [0m|     1.0001ms| nomatch|[46m POST    [0m /place/4
2020/03/05 16:17:08.652 [D] [server.go:2802]  |            ::1|[42m 200 [0m|     5.0003ms|   match|[44m GET     [0m /place   r:/place/
2020/03/05 16:17:37.551 [D] [server.go:2802]  |            ::1|[42m 200 [0m|    10.0006ms|   match|[44m GET     [0m /place   r:/place/
2020/03/05 16:17:54.915 [D] [server.go:2802]  |            ::1|[43m 404 [0m|          1ms| nomatch|[46m POST    [0m /place/10
2020/03/05 16:17:57.050 [D] [server.go:2802]  |            ::1|[42m 200 [0m|     8.0005ms|   match|[44m GET     [0m /place   r:/place/
2020/03/05 16:17:58.581 [D] [server.go:2802]  |            ::1|[42m 200 [0m|     9.0005ms|   match|[44m GET     [0m /place   r:/place/
2020/03/05 16:19:58.880 [D] [server.go:2802]  |            ::1|[42m 200 [0m|    22.0012ms|   match|[44m GET     [0m /place   r:/place/
2020/03/05 16:20:02.375 [D] [server.go:2802]  |            ::1|[43m 404 [0m|     1.0001ms| nomatch|[46m POST    [0m /place/9
2020/03/05 16:20:47.188 [D] [server.go:2802]  |            ::1|[42m 200 [0m|     5.0003ms|   match|[44m GET     [0m /place   r:/place/
2020/03/05 16:20:48.982 [D] [server.go:2802]  |            ::1|[42m 200 [0m|     8.0005ms|   match|[44m GET     [0m /place   r:/place/
2020/03/05 16:22:27.257 [I] [asm_amd64.s:1357]  http server Running on http://:8083
2020/03/05 16:22:27.329 [D] [server.go:2802]  |            ::1|[42m 200 [0m|     8.0005ms|   match|[44m GET     [0m /place   r:/place/
2020/03/05 16:22:27.911 [D] [server.go:2802]  |            ::1|[43m 404 [0m|           0s| nomatch|[46m POST    [0m /place/9
2020/03/05 16:22:29.575 [D] [server.go:2802]  |            ::1|[42m 200 [0m|    13.0008ms|   match|[44m GET     [0m /place   r:/place/
2020/03/05 16:22:39.853 [I] [asm_amd64.s:1357]  http server Running on http://:8083
2020/03/05 16:22:39.927 [D] [server.go:2802]  |            ::1|[42m 200 [0m|     9.0005ms|   match|[44m GET     [0m /place   r:/place/
2020/03/05 16:22:42.117 [C] [panic.go:679]  the request url is  /place/10
2020/03/05 16:22:42.117 [C] [panic.go:679]  Handler crashed with error can't find templatefile in the path:views/placecontroller/getplace.tpl
2020/03/05 16:22:42.117 [C] [panic.go:679]  c:/go/src/runtime/panic.go:679
2020/03/05 16:22:42.117 [C] [panic.go:679]  C:/Users/Victor/go/src/github.com/astaxie/beego/template.go:75
2020/03/05 16:22:42.117 [C] [panic.go:679]  C:/Users/Victor/go/src/github.com/astaxie/beego/controller.go:306
2020/03/05 16:22:42.117 [C] [panic.go:679]  C:/Users/Victor/go/src/github.com/astaxie/beego/controller.go:257
2020/03/05 16:22:42.118 [C] [panic.go:679]  C:/Users/Victor/go/src/github.com/astaxie/beego/controller.go:237
2020/03/05 16:22:42.118 [C] [panic.go:679]  C:/Users/Victor/go/src/github.com/astaxie/beego/router.go:865
2020/03/05 16:22:42.120 [C] [panic.go:679]  c:/go/src/net/http/server.go:2802
2020/03/05 16:22:42.120 [C] [panic.go:679]  c:/go/src/net/http/server.go:1890
2020/03/05 16:22:42.124 [C] [panic.go:679]  c:/go/src/runtime/asm_amd64.s:1357
2020/03/05 16:22:42.125 [server.go:3054]  [HTTP] http: superfluous response.WriteHeader call from github.com/astaxie/beego/context.(*Response).WriteHeader (context.go:230)
2020/03/05 16:22:47.313 [D] [server.go:2802]  |            ::1|[42m 200 [0m|     8.0004ms|   match|[44m GET     [0m /place   r:/place/
2020/03/05 16:23:48.407 [D] [server.go:2802]  |            ::1|[43m 404 [0m|          1ms| nomatch|[46m POST    [0m /place/9
2020/03/05 16:27:09.688 [I] [asm_amd64.s:1357]  http server Running on http://:8083
2020/03/05 16:27:11.954 [D] [server.go:2802]  |            ::1|[42m 200 [0m|    24.0014ms|   match|[44m GET     [0m /place   r:/place/
2020/03/05 16:27:13.156 [D] [server.go:2802]  |            ::1|[42m 200 [0m|    11.0006ms|   match|[44m GET     [0m /place   r:/place/
2020/03/05 16:27:15.136 [D] [server.go:2802]  |            ::1|[43m 404 [0m|          1ms| nomatch|[46m POST    [0m /place/10
2020/03/05 16:27:24.886 [D] [server.go:2802]  |            ::1|[42m 200 [0m|     8.0005ms|   match|[44m GET     [0m /place   r:/place/
2020/03/05 16:29:45.572 [I] [asm_amd64.s:1357]  http server Running on http://:8083
2020/03/05 16:29:46.932 [D] [server.go:2802]  |            ::1|[42m 200 [0m|    28.0016ms|   match|[44m GET     [0m /place   r:/place/
2020/03/05 16:29:49.856 [D] [server.go:2802]  |            ::1|[43m 404 [0m|          1ms| nomatch|[46m POST    [0m /place/9
2020/03/05 16:40:27.170 [D] [server.go:2802]  |            ::1|[42m 200 [0m|     9.0005ms|   match|[44m GET     [0m /place   r:/place/
2020/03/05 16:42:40.969 [D] [server.go:2802]  |            ::1|[42m 200 [0m|    29.0017ms|   match|[44m GET     [0m /place   r:/place/
2020/03/05 16:43:32.666 [D] [server.go:2802]  |            ::1|[42m 200 [0m|     4.0003ms|   match|[44m GET     [0m /place   r:/place/
2020/03/05 16:43:41.359 [I] [asm_amd64.s:1357]  http server Running on http://:8083
2020/03/05 16:43:41.481 [D] [server.go:2802]  |            ::1|[42m 200 [0m|     6.0003ms|   match|[44m GET     [0m /place   r:/place/
2020/03/05 16:44:00.392 [D] [server.go:2802]  |            ::1|[42m 200 [0m|     6.0003ms|   match|[44m GET     [0m /place   r:/place/
2020/03/05 16:45:17.475 [D] [server.go:2802]  |            ::1|[42m 200 [0m|    13.0007ms|   match|[44m GET     [0m /place   r:/place/
2020/03/05 16:45:42.453 [D] [server.go:2802]  |            ::1|[42m 200 [0m|     8.0005ms|   match|[44m GET     [0m /place   r:/place/
2020/03/05 16:45:43.578 [D] [server.go:2802]  |            ::1|[42m 200 [0m|     4.0003ms|   match|[44m GET     [0m /place   r:/place/
2020/03/05 16:45:44.357 [D] [server.go:2802]  |            ::1|[42m 200 [0m|     6.0003ms|   match|[44m GET     [0m /place   r:/place/
2020/03/05 16:45:44.866 [D] [server.go:2802]  |            ::1|[42m 200 [0m|     5.0002ms|   match|[44m GET     [0m /place   r:/place/
2020/03/05 16:45:45.020 [D] [server.go:2802]  |            ::1|[42m 200 [0m|     1.0001ms|   match|[44m GET     [0m /place   r:/place/
2020/03/05 16:46:00.627 [D] [server.go:2802]  |            ::1|[42m 200 [0m|    23.0013ms|   match|[44m GET     [0m /place   r:/place/
2020/03/05 16:46:21.061 [D] [server.go:2802]  |            ::1|[42m 200 [0m|     9.0005ms|   match|[44m GET     [0m /place   r:/place/
2020/03/05 16:46:56.661 [D] [server.go:2802]  |            ::1|[42m 200 [0m|     4.0002ms|   match|[44m GET     [0m /place   r:/place/
2020/03/05 16:47:58.989 [D] [server.go:2802]  |            ::1|[42m 200 [0m|    15.0009ms|   match|[44m GET     [0m /place   r:/place/
2020/03/05 16:50:14.224 [D] [server.go:2802]  |            ::1|[42m 200 [0m|    14.0008ms|   match|[44m GET     [0m /place   r:/place/
2020/03/05 16:51:00.301 [D] [server.go:2802]  |            ::1|[42m 200 [0m|     6.0003ms|   match|[44m GET     [0m /place   r:/place/
2020/03/05 16:51:34.314 [D] [server.go:2802]  |            ::1|[42m 200 [0m|     6.0003ms|   match|[44m GET     [0m /place   r:/place/
2020/03/05 16:52:06.223 [D] [server.go:2802]  |            ::1|[42m 200 [0m|     5.0003ms|   match|[44m GET     [0m /place   r:/place/
2020/03/05 16:52:45.180 [D] [server.go:2802]  |            ::1|[42m 200 [0m|     6.0003ms|   match|[44m GET     [0m /place   r:/place/
2020/03/05 16:53:11.197 [D] [server.go:2802]  |            ::1|[42m 200 [0m|    10.0005ms|   match|[44m GET     [0m /place   r:/place/
2020/03/05 16:53:23.457 [D] [server.go:2802]  |            ::1|[42m 200 [0m|     8.0005ms|   match|[44m GET     [0m /place   r:/place/
2020/03/05 16:54:07.948 [D] [server.go:2802]  |            ::1|[42m 200 [0m|    10.0006ms|   match|[44m GET     [0m /place   r:/place/
2020/03/05 16:54:34.759 [D] [server.go:2802]  |            ::1|[42m 200 [0m|     7.0004ms|   match|[44m GET     [0m /place   r:/place/
2020/03/05 16:55:00.052 [D] [server.go:2802]  |            ::1|[42m 200 [0m|     3.0002ms|   match|[44m GET     [0m /place   r:/place/
2020/03/05 16:55:09.587 [D] [server.go:2802]  |            ::1|[42m 200 [0m|     8.0005ms|   match|[44m GET     [0m /place   r:/place/
2020/03/05 17:00:07.783 [D] [server.go:2802]  |            ::1|[42m 200 [0m|    15.0008ms|   match|[44m GET     [0m /place   r:/place/
2020/03/05 17:00:10.606 [D] [server.go:2802]  |            ::1|[43m 404 [0m|           0s| nomatch|[46m POST    [0m /place/9
2020/03/05 17:01:09.620 [D] [server.go:2802]  |            ::1|[42m 200 [0m|     4.0002ms|   match|[44m GET     [0m /place   r:/place/
2020/03/05 17:01:13.495 [I] [place.go:54]  Place to be updated has an ID of:  9 
2020/03/05 17:01:13.534 [D] [server.go:2802]  |            ::1|[47m 302 [0m|    40.0023ms|   match|[43m PUT     [0m /place/9   r:/place/:id:int
2020/03/05 17:01:13.540 [D] [server.go:2802]  |            ::1|[43m 404 [0m|           0s| nomatch|[43m PUT     [0m /place
2020/03/05 17:01:53.854 [D] [server.go:2802]  |            ::1|[42m 200 [0m|     6.0004ms|   match|[44m GET     [0m /place   r:/place/
2020/03/05 17:02:09.821 [I] [place.go:54]  Place to be updated has an ID of:  2 
2020/03/05 17:02:09.824 [D] [server.go:2802]  |            ::1|[47m 302 [0m|     3.0001ms|   match|[43m PUT     [0m /place/2   r:/place/:id:int
2020/03/05 17:02:09.829 [D] [server.go:2802]  |            ::1|[43m 404 [0m|           0s| nomatch|[43m PUT     [0m /place
2020/03/05 17:02:37.434 [D] [server.go:2802]  |            ::1|[42m 200 [0m|     8.0004ms|   match|[44m GET     [0m /place   r:/place/
2020/03/05 17:02:41.275 [I] [place.go:54]  Place to be updated has an ID of:  2 
2020/03/05 17:02:41.279 [D] [server.go:2802]  |            ::1|[47m 302 [0m|     5.0003ms|   match|[43m PUT     [0m /place/2   r:/place/:id:int
2020/03/05 17:02:41.292 [D] [server.go:2802]  |            ::1|[43m 404 [0m|           0s| nomatch|[43m PUT     [0m /place
2020/03/05 17:02:47.721 [D] [server.go:2802]  |            ::1|[42m 200 [0m|     9.0005ms|   match|[44m GET     [0m /place   r:/place/
2020/03/05 17:02:53.432 [I] [asm_amd64.s:1357]  http server Running on http://:8083
2020/03/05 17:02:53.758 [D] [server.go:2802]  |            ::1|[42m 200 [0m|    13.0007ms|   match|[44m GET     [0m /place   r:/place/
2020/03/05 17:02:58.071 [I] [place.go:54]  Place to be updated has an ID of:  10 
2020/03/05 17:02:58.401 [D] [server.go:2802]  |            ::1|[47m 302 [0m|   330.0189ms|   match|[43m PUT     [0m /place/10   r:/place/:id:int
2020/03/05 17:02:58.413 [D] [server.go:2802]  |            ::1|[43m 404 [0m|     1.0001ms| nomatch|[43m PUT     [0m /place
2020/03/05 17:03:15.415 [D] [server.go:2802]  |            ::1|[42m 200 [0m|     35.002ms|   match|[44m GET     [0m /place   r:/place/
2020/03/05 17:03:21.805 [I] [place.go:54]  Place to be updated has an ID of:  5 
2020/03/05 17:03:21.807 [D] [server.go:2802]  |            ::1|[47m 302 [0m|     3.0001ms|   match|[43m PUT     [0m /place/5   r:/place/:id:int
2020/03/05 17:03:21.813 [D] [server.go:2802]  |            ::1|[43m 404 [0m|           0s| nomatch|[43m PUT     [0m /place
2020/03/05 17:05:12.203 [I] [place.go:54]  Place to be updated has an ID of:  9 
2020/03/05 17:05:12.226 [D] [server.go:2802]  |            ::1|[47m 302 [0m|    23.0014ms|   match|[43m PUT     [0m /place/9   r:/place/:id:int
2020/03/05 17:05:12.230 [D] [server.go:2802]  |            ::1|[43m 404 [0m|           0s| nomatch|[43m PUT     [0m /place
2020/03/05 17:06:49.759 [I] [asm_amd64.s:1357]  http server Running on http://:8083
2020/03/05 17:06:50.024 [D] [server.go:2802]  |            ::1|[42m 200 [0m|    20.0012ms|   match|[44m GET     [0m /place   r:/place/
2020/03/05 17:06:54.019 [D] [server.go:2802]  |            ::1|[42m 200 [0m|     4.0003ms|   match|[44m GET     [0m /place   r:/place/
2020/03/05 17:06:55.844 [I] [place.go:54]  Place to be updated has an ID of:  10 
2020/03/05 17:06:55.847 [C] [panic.go:679]  the request url is  /place/10
2020/03/05 17:06:55.847 [C] [panic.go:679]  Handler crashed with error can't find templatefile in the path:views/placecontroller/updateplace.tpl
2020/03/05 17:06:55.847 [C] [panic.go:679]  c:/go/src/runtime/panic.go:679
2020/03/05 17:06:55.847 [C] [panic.go:679]  C:/Users/Victor/go/src/github.com/astaxie/beego/template.go:75
2020/03/05 17:06:55.847 [C] [panic.go:679]  C:/Users/Victor/go/src/github.com/astaxie/beego/controller.go:306
2020/03/05 17:06:55.847 [C] [panic.go:679]  C:/Users/Victor/go/src/github.com/astaxie/beego/controller.go:257
2020/03/05 17:06:55.847 [C] [panic.go:679]  C:/Users/Victor/go/src/github.com/astaxie/beego/controller.go:237
2020/03/05 17:06:55.847 [C] [panic.go:679]  C:/Users/Victor/go/src/github.com/astaxie/beego/router.go:865
2020/03/05 17:06:55.847 [C] [panic.go:679]  c:/go/src/net/http/server.go:2802
2020/03/05 17:06:55.847 [C] [panic.go:679]  c:/go/src/net/http/server.go:1890
2020/03/05 17:06:55.847 [C] [panic.go:679]  c:/go/src/runtime/asm_amd64.s:1357
2020/03/05 17:06:55.848 [server.go:3054]  [HTTP] http: superfluous response.WriteHeader call from github.com/astaxie/beego/context.(*Response).WriteHeader (context.go:230)
2020/03/05 17:06:59.402 [D] [server.go:2802]  |            ::1|[42m 200 [0m|    12.0007ms|   match|[44m GET     [0m /place   r:/place/
2020/03/05 17:07:03.827 [I] [place.go:54]  Place to be updated has an ID of:  10 
2020/03/05 17:07:03.831 [C] [panic.go:679]  the request url is  /place/10
2020/03/05 17:07:03.831 [C] [panic.go:679]  Handler crashed with error can't find templatefile in the path:views/placecontroller/updateplace.tpl
2020/03/05 17:07:03.831 [C] [panic.go:679]  c:/go/src/runtime/panic.go:679
2020/03/05 17:07:03.831 [C] [panic.go:679]  C:/Users/Victor/go/src/github.com/astaxie/beego/template.go:75
2020/03/05 17:07:03.831 [C] [panic.go:679]  C:/Users/Victor/go/src/github.com/astaxie/beego/controller.go:306
2020/03/05 17:07:03.832 [C] [panic.go:679]  C:/Users/Victor/go/src/github.com/astaxie/beego/controller.go:257
2020/03/05 17:07:03.832 [C] [panic.go:679]  C:/Users/Victor/go/src/github.com/astaxie/beego/controller.go:237
2020/03/05 17:07:03.832 [C] [panic.go:679]  C:/Users/Victor/go/src/github.com/astaxie/beego/router.go:865
2020/03/05 17:07:03.832 [C] [panic.go:679]  c:/go/src/net/http/server.go:2802
2020/03/05 17:07:03.832 [C] [panic.go:679]  c:/go/src/net/http/server.go:1890
2020/03/05 17:07:03.832 [C] [panic.go:679]  c:/go/src/runtime/asm_amd64.s:1357
2020/03/05 17:07:03.833 [server.go:3054]  [HTTP] http: superfluous response.WriteHeader call from github.com/astaxie/beego/context.(*Response).WriteHeader (context.go:230)
2020/03/05 17:07:06.733 [D] [server.go:2802]  |            ::1|[42m 200 [0m|    30.0018ms|   match|[44m GET     [0m /place   r:/place/
2020/03/05 17:07:14.507 [I] [place.go:54]  Place to be updated has an ID of:  9 
2020/03/05 17:07:14.509 [C] [panic.go:679]  the request url is  /place/9
2020/03/05 17:07:14.510 [C] [panic.go:679]  Handler crashed with error can't find templatefile in the path:views/placecontroller/updateplace.tpl
2020/03/05 17:07:14.510 [C] [panic.go:679]  c:/go/src/runtime/panic.go:679
2020/03/05 17:07:14.510 [C] [panic.go:679]  C:/Users/Victor/go/src/github.com/astaxie/beego/template.go:75
2020/03/05 17:07:14.510 [C] [panic.go:679]  C:/Users/Victor/go/src/github.com/astaxie/beego/controller.go:306
2020/03/05 17:07:14.510 [C] [panic.go:679]  C:/Users/Victor/go/src/github.com/astaxie/beego/controller.go:257
2020/03/05 17:07:14.511 [C] [panic.go:679]  C:/Users/Victor/go/src/github.com/astaxie/beego/controller.go:237
2020/03/05 17:07:14.511 [C] [panic.go:679]  C:/Users/Victor/go/src/github.com/astaxie/beego/router.go:865
2020/03/05 17:07:14.511 [C] [panic.go:679]  c:/go/src/net/http/server.go:2802
2020/03/05 17:07:14.511 [C] [panic.go:679]  c:/go/src/net/http/server.go:1890
2020/03/05 17:07:14.511 [C] [panic.go:679]  c:/go/src/runtime/asm_amd64.s:1357
2020/03/05 17:07:14.512 [server.go:3054]  [HTTP] http: superfluous response.WriteHeader call from github.com/astaxie/beego/context.(*Response).WriteHeader (context.go:230)
2020/03/05 17:07:16.720 [I] [place.go:54]  Place to be updated has an ID of:  7 
2020/03/05 17:07:16.724 [C] [panic.go:679]  the request url is  /place/7
2020/03/05 17:07:16.724 [C] [panic.go:679]  Handler crashed with error can't find templatefile in the path:views/placecontroller/updateplace.tpl
2020/03/05 17:07:16.724 [C] [panic.go:679]  c:/go/src/runtime/panic.go:679
2020/03/05 17:07:16.724 [C] [panic.go:679]  C:/Users/Victor/go/src/github.com/astaxie/beego/template.go:75
2020/03/05 17:07:16.725 [C] [panic.go:679]  C:/Users/Victor/go/src/github.com/astaxie/beego/controller.go:306
2020/03/05 17:07:16.725 [C] [panic.go:679]  C:/Users/Victor/go/src/github.com/astaxie/beego/controller.go:257
2020/03/05 17:07:16.725 [C] [panic.go:679]  C:/Users/Victor/go/src/github.com/astaxie/beego/controller.go:237
2020/03/05 17:07:16.725 [C] [panic.go:679]  C:/Users/Victor/go/src/github.com/astaxie/beego/router.go:865
2020/03/05 17:07:16.725 [C] [panic.go:679]  c:/go/src/net/http/server.go:2802
2020/03/05 17:07:16.725 [C] [panic.go:679]  c:/go/src/net/http/server.go:1890
2020/03/05 17:07:16.725 [C] [panic.go:679]  c:/go/src/runtime/asm_amd64.s:1357
2020/03/05 17:07:16.726 [server.go:3054]  [HTTP] http: superfluous response.WriteHeader call from github.com/astaxie/beego/context.(*Response).WriteHeader (context.go:230)
2020/03/05 17:07:52.700 [D] [server.go:2802]  |            ::1|[42m 200 [0m|     6.0003ms|   match|[44m GET     [0m /place   r:/place/
2020/03/05 17:07:54.106 [I] [place.go:54]  Place to be updated has an ID of:  9 
2020/03/05 17:07:54.109 [C] [panic.go:679]  the request url is  /place/9
2020/03/05 17:07:54.109 [C] [panic.go:679]  Handler crashed with error can't find templatefile in the path:views/placecontroller/updateplace.tpl
2020/03/05 17:07:54.109 [C] [panic.go:679]  c:/go/src/runtime/panic.go:679
2020/03/05 17:07:54.109 [C] [panic.go:679]  C:/Users/Victor/go/src/github.com/astaxie/beego/template.go:75
2020/03/05 17:07:54.109 [C] [panic.go:679]  C:/Users/Victor/go/src/github.com/astaxie/beego/controller.go:306
2020/03/05 17:07:54.110 [C] [panic.go:679]  C:/Users/Victor/go/src/github.com/astaxie/beego/controller.go:257
2020/03/05 17:07:54.110 [C] [panic.go:679]  C:/Users/Victor/go/src/github.com/astaxie/beego/controller.go:237
2020/03/05 17:07:54.110 [C] [panic.go:679]  C:/Users/Victor/go/src/github.com/astaxie/beego/router.go:865
2020/03/05 17:07:54.110 [C] [panic.go:679]  c:/go/src/net/http/server.go:2802
2020/03/05 17:07:54.110 [C] [panic.go:679]  c:/go/src/net/http/server.go:1890
2020/03/05 17:07:54.110 [C] [panic.go:679]  c:/go/src/runtime/asm_amd64.s:1357
2020/03/05 17:07:54.110 [server.go:3054]  [HTTP] http: superfluous response.WriteHeader call from github.com/astaxie/beego/context.(*Response).WriteHeader (context.go:230)
2020/03/05 17:08:55.807 [D] [server.go:2802]  |            ::1|[42m 200 [0m|    19.0011ms|   match|[44m GET     [0m /place   r:/place/
2020/03/05 17:09:11.559 [D] [server.go:2802]  |            ::1|[42m 200 [0m|    15.0008ms|   match|[44m GET     [0m /place   r:/place/
2020/03/05 17:09:28.471 [I] [asm_amd64.s:1357]  http server Running on http://:8083
2020/03/05 17:09:29.022 [D] [server.go:2802]  |            ::1|[42m 200 [0m|    25.0014ms|   match|[44m GET     [0m /place   r:/place/
2020/03/05 17:09:31.730 [D] [server.go:2802]  |            ::1|[42m 200 [0m|     6.0003ms|   match|[44m GET     [0m /place   r:/place/
2020/03/05 17:10:19.348 [I] [asm_amd64.s:1357]  http server Running on http://:8083
2020/03/05 17:10:50.616 [I] [asm_amd64.s:1357]  http server Running on http://:8083
2020/03/05 17:13:02.659 [D] [server.go:2802]  |            ::1|[47m 302 [0m|    33.0019ms|   match|[46m POST    [0m /place   r:/place/
2020/03/05 17:13:02.672 [D] [server.go:2802]  |            ::1|[42m 200 [0m|     9.0005ms|   match|[44m GET     [0m /place   r:/place/
2020/03/05 17:15:47.900 [I] [place.go:54]  Place to be updated has an ID of:  7 
2020/03/05 17:15:47.911 [C] [panic.go:679]  the request url is  /place/7
2020/03/05 17:15:47.911 [C] [panic.go:679]  Handler crashed with error can't find templatefile in the path:views/placecontroller/updateplace.tpl
2020/03/05 17:15:47.912 [C] [panic.go:679]  c:/go/src/runtime/panic.go:679
2020/03/05 17:15:47.912 [C] [panic.go:679]  C:/Users/Victor/go/src/github.com/astaxie/beego/template.go:75
2020/03/05 17:15:47.912 [C] [panic.go:679]  C:/Users/Victor/go/src/github.com/astaxie/beego/controller.go:306
2020/03/05 17:15:47.912 [C] [panic.go:679]  C:/Users/Victor/go/src/github.com/astaxie/beego/controller.go:257
2020/03/05 17:15:47.912 [C] [panic.go:679]  C:/Users/Victor/go/src/github.com/astaxie/beego/controller.go:237
2020/03/05 17:15:47.915 [C] [panic.go:679]  C:/Users/Victor/go/src/github.com/astaxie/beego/router.go:865
2020/03/05 17:15:47.915 [C] [panic.go:679]  c:/go/src/net/http/server.go:2802
2020/03/05 17:15:47.915 [C] [panic.go:679]  c:/go/src/net/http/server.go:1890
2020/03/05 17:15:47.915 [C] [panic.go:679]  c:/go/src/runtime/asm_amd64.s:1357
2020/03/05 17:15:47.921 [server.go:3054]  [HTTP] http: superfluous response.WriteHeader call from github.com/astaxie/beego/context.(*Response).WriteHeader (context.go:230)
2020/03/05 17:17:43.367 [D] [server.go:2802]  |            ::1|[42m 200 [0m|    13.0008ms|   match|[44m GET     [0m /place   r:/place/
2020/03/05 17:17:46.873 [I] [place.go:54]  Place to be updated has an ID of:  9 
2020/03/05 17:17:46.876 [C] [panic.go:679]  the request url is  /place/9
2020/03/05 17:17:46.876 [C] [panic.go:679]  Handler crashed with error can't find templatefile in the path:views/placecontroller/updateplace.tpl
2020/03/05 17:17:46.876 [C] [panic.go:679]  c:/go/src/runtime/panic.go:679
2020/03/05 17:17:46.876 [C] [panic.go:679]  C:/Users/Victor/go/src/github.com/astaxie/beego/template.go:75
2020/03/05 17:17:46.876 [C] [panic.go:679]  C:/Users/Victor/go/src/github.com/astaxie/beego/controller.go:306
2020/03/05 17:17:46.876 [C] [panic.go:679]  C:/Users/Victor/go/src/github.com/astaxie/beego/controller.go:257
2020/03/05 17:17:46.876 [C] [panic.go:679]  C:/Users/Victor/go/src/github.com/astaxie/beego/controller.go:237
2020/03/05 17:17:46.877 [C] [panic.go:679]  C:/Users/Victor/go/src/github.com/astaxie/beego/router.go:865
2020/03/05 17:17:46.877 [C] [panic.go:679]  c:/go/src/net/http/server.go:2802
2020/03/05 17:17:46.877 [C] [panic.go:679]  c:/go/src/net/http/server.go:1890
2020/03/05 17:17:46.877 [C] [panic.go:679]  c:/go/src/runtime/asm_amd64.s:1357
2020/03/05 17:17:46.877 [server.go:3054]  [HTTP] http: superfluous response.WriteHeader call from github.com/astaxie/beego/context.(*Response).WriteHeader (context.go:230)
2020/03/05 17:17:49.264 [D] [server.go:2802]  |            ::1|[42m 200 [0m|    13.0007ms|   match|[44m GET     [0m /place   r:/place/
2020/03/05 17:18:07.239 [I] [place.go:54]  Place to be updated has an ID of:  10 
2020/03/05 17:18:07.242 [C] [panic.go:679]  the request url is  /place/10
2020/03/05 17:18:07.242 [C] [panic.go:679]  Handler crashed with error can't find templatefile in the path:views/placecontroller/updateplace.tpl
2020/03/05 17:18:07.242 [C] [panic.go:679]  c:/go/src/runtime/panic.go:679
2020/03/05 17:18:07.242 [C] [panic.go:679]  C:/Users/Victor/go/src/github.com/astaxie/beego/template.go:75
2020/03/05 17:18:07.242 [C] [panic.go:679]  C:/Users/Victor/go/src/github.com/astaxie/beego/controller.go:306
2020/03/05 17:18:07.242 [C] [panic.go:679]  C:/Users/Victor/go/src/github.com/astaxie/beego/controller.go:257
2020/03/05 17:18:07.242 [C] [panic.go:679]  C:/Users/Victor/go/src/github.com/astaxie/beego/controller.go:237
2020/03/05 17:18:07.243 [C] [panic.go:679]  C:/Users/Victor/go/src/github.com/astaxie/beego/router.go:865
2020/03/05 17:18:07.243 [C] [panic.go:679]  c:/go/src/net/http/server.go:2802
2020/03/05 17:18:07.243 [C] [panic.go:679]  c:/go/src/net/http/server.go:1890
2020/03/05 17:18:07.243 [C] [panic.go:679]  c:/go/src/runtime/asm_amd64.s:1357
2020/03/05 17:18:07.243 [server.go:3054]  [HTTP] http: superfluous response.WriteHeader call from github.com/astaxie/beego/context.(*Response).WriteHeader (context.go:230)
2020/03/05 17:18:10.665 [D] [server.go:2802]  |            ::1|[42m 200 [0m|    26.0015ms|   match|[44m GET     [0m /place   r:/place/
2020/03/05 17:18:22.062 [D] [server.go:2802]  |            ::1|[47m 302 [0m|    30.0017ms|   match|[46m POST    [0m /place   r:/place/
2020/03/05 17:18:22.077 [D] [server.go:2802]  |            ::1|[42m 200 [0m|     5.0003ms|   match|[44m GET     [0m /place   r:/place/
2020/03/05 17:18:27.242 [D] [server.go:2802]  |            ::1|[42m 200 [0m|    49.0028ms|   match|[44m GET     [0m /place   r:/place/
2020/03/05 17:19:19.214 [I] [asm_amd64.s:1357]  http server Running on http://:8083
2020/03/05 17:19:19.745 [D] [server.go:2802]  |            ::1|[42m 200 [0m|    13.0007ms|   match|[44m GET     [0m /place   r:/place/
2020/03/05 17:19:23.018 [I] [place.go:54]  Place to be updated has an ID of:  8 
2020/03/05 17:19:23.022 [C] [panic.go:679]  the request url is  /place/8
2020/03/05 17:19:23.023 [C] [panic.go:679]  Handler crashed with error can't find templatefile in the path:views/placecontroller/updateplace.tpl
2020/03/05 17:19:23.023 [C] [panic.go:679]  c:/go/src/runtime/panic.go:679
2020/03/05 17:19:23.023 [C] [panic.go:679]  C:/Users/Victor/go/src/github.com/astaxie/beego/template.go:75
2020/03/05 17:19:23.023 [C] [panic.go:679]  C:/Users/Victor/go/src/github.com/astaxie/beego/controller.go:306
2020/03/05 17:19:23.023 [C] [panic.go:679]  C:/Users/Victor/go/src/github.com/astaxie/beego/controller.go:257
2020/03/05 17:19:23.023 [C] [panic.go:679]  C:/Users/Victor/go/src/github.com/astaxie/beego/controller.go:237
2020/03/05 17:19:23.023 [C] [panic.go:679]  C:/Users/Victor/go/src/github.com/astaxie/beego/router.go:865
2020/03/05 17:19:23.023 [C] [panic.go:679]  c:/go/src/net/http/server.go:2802
2020/03/05 17:19:23.023 [C] [panic.go:679]  c:/go/src/net/http/server.go:1890
2020/03/05 17:19:23.023 [C] [panic.go:679]  c:/go/src/runtime/asm_amd64.s:1357
2020/03/05 17:19:23.024 [server.go:3054]  [HTTP] http: superfluous response.WriteHeader call from github.com/astaxie/beego/context.(*Response).WriteHeader (context.go:230)
2020/03/05 17:19:25.828 [D] [server.go:2802]  |            ::1|[42m 200 [0m|     7.0004ms|   match|[44m GET     [0m /place   r:/place/
2020/03/05 17:22:35.120 [D] [server.go:2802]  |            ::1|[42m 200 [0m|     9.0005ms|   match|[44m GET     [0m /place   r:/place/
2020/03/05 17:22:38.410 [I] [place.go:54]  Place to be updated has an ID of:  7 
2020/03/05 17:22:38.413 [C] [panic.go:679]  the request url is  /place/7
2020/03/05 17:22:38.413 [C] [panic.go:679]  Handler crashed with error can't find templatefile in the path:views/placecontroller/updateplace.tpl
2020/03/05 17:22:38.413 [C] [panic.go:679]  c:/go/src/runtime/panic.go:679
2020/03/05 17:22:38.413 [C] [panic.go:679]  C:/Users/Victor/go/src/github.com/astaxie/beego/template.go:75
2020/03/05 17:22:38.413 [C] [panic.go:679]  C:/Users/Victor/go/src/github.com/astaxie/beego/controller.go:306
2020/03/05 17:22:38.413 [C] [panic.go:679]  C:/Users/Victor/go/src/github.com/astaxie/beego/controller.go:257
2020/03/05 17:22:38.413 [C] [panic.go:679]  C:/Users/Victor/go/src/github.com/astaxie/beego/controller.go:237
2020/03/05 17:22:38.413 [C] [panic.go:679]  C:/Users/Victor/go/src/github.com/astaxie/beego/router.go:865
2020/03/05 17:22:38.413 [C] [panic.go:679]  c:/go/src/net/http/server.go:2802
2020/03/05 17:22:38.413 [C] [panic.go:679]  c:/go/src/net/http/server.go:1890
2020/03/05 17:22:38.413 [C] [panic.go:679]  c:/go/src/runtime/asm_amd64.s:1357
2020/03/05 17:22:38.414 [server.go:3054]  [HTTP] http: superfluous response.WriteHeader call from github.com/astaxie/beego/context.(*Response).WriteHeader (context.go:230)
2020/03/05 17:22:40.599 [D] [server.go:2802]  |            ::1|[42m 200 [0m|    18.0011ms|   match|[44m GET     [0m /place   r:/place/
2020/03/05 17:23:04.276 [D] [server.go:2802]  |            ::1|[42m 200 [0m|     9.0005ms|   match|[44m GET     [0m /place   r:/place/
2020/03/05 17:23:07.483 [D] [server.go:2802]  |            ::1|[47m 302 [0m|    22.0012ms|   match|[46m POST    [0m /place   r:/place/
2020/03/05 17:23:07.491 [D] [server.go:2802]  |            ::1|[42m 200 [0m|     4.0003ms|   match|[44m GET     [0m /place   r:/place/
2020/03/05 17:23:14.192 [I] [place.go:54]  Place to be updated has an ID of:  6 
2020/03/05 17:23:14.208 [C] [panic.go:679]  the request url is  /place/6
2020/03/05 17:23:14.208 [C] [panic.go:679]  Handler crashed with error can't find templatefile in the path:views/placecontroller/updateplace.tpl
2020/03/05 17:23:14.208 [C] [panic.go:679]  c:/go/src/runtime/panic.go:679
2020/03/05 17:23:14.209 [C] [panic.go:679]  C:/Users/Victor/go/src/github.com/astaxie/beego/template.go:75
2020/03/05 17:23:14.209 [C] [panic.go:679]  C:/Users/Victor/go/src/github.com/astaxie/beego/controller.go:306
2020/03/05 17:23:14.209 [C] [panic.go:679]  C:/Users/Victor/go/src/github.com/astaxie/beego/controller.go:257
2020/03/05 17:23:14.209 [C] [panic.go:679]  C:/Users/Victor/go/src/github.com/astaxie/beego/controller.go:237
2020/03/05 17:23:14.209 [C] [panic.go:679]  C:/Users/Victor/go/src/github.com/astaxie/beego/router.go:865
2020/03/05 17:23:14.210 [C] [panic.go:679]  c:/go/src/net/http/server.go:2802
2020/03/05 17:23:14.210 [C] [panic.go:679]  c:/go/src/net/http/server.go:1890
2020/03/05 17:23:14.210 [C] [panic.go:679]  c:/go/src/runtime/asm_amd64.s:1357
2020/03/05 17:23:14.210 [server.go:3054]  [HTTP] http: superfluous response.WriteHeader call from github.com/astaxie/beego/context.(*Response).WriteHeader (context.go:230)
2020/03/05 17:23:16.165 [D] [server.go:2802]  |            ::1|[42m 200 [0m|    37.0021ms|   match|[44m GET     [0m /place   r:/place/
2020/03/05 17:24:24.032 [D] [server.go:2802]  |            ::1|[42m 200 [0m|    15.0009ms|   match|[44m GET     [0m /place   r:/place/
2020/03/05 17:24:26.487 [C] [panic.go:679]  the request url is  /place/6
2020/03/05 17:24:26.487 [C] [panic.go:679]  Handler crashed with error can't find templatefile in the path:views/placecontroller/deleteplace.tpl
2020/03/05 17:24:26.487 [C] [panic.go:679]  c:/go/src/runtime/panic.go:679
2020/03/05 17:24:26.488 [C] [panic.go:679]  C:/Users/Victor/go/src/github.com/astaxie/beego/template.go:75
2020/03/05 17:24:26.488 [C] [panic.go:679]  C:/Users/Victor/go/src/github.com/astaxie/beego/controller.go:306
2020/03/05 17:24:26.488 [C] [panic.go:679]  C:/Users/Victor/go/src/github.com/astaxie/beego/controller.go:257
2020/03/05 17:24:26.488 [C] [panic.go:679]  C:/Users/Victor/go/src/github.com/astaxie/beego/controller.go:237
2020/03/05 17:24:26.489 [C] [panic.go:679]  C:/Users/Victor/go/src/github.com/astaxie/beego/router.go:865
2020/03/05 17:24:26.489 [C] [panic.go:679]  c:/go/src/net/http/server.go:2802
2020/03/05 17:24:26.489 [C] [panic.go:679]  c:/go/src/net/http/server.go:1890
2020/03/05 17:24:26.489 [C] [panic.go:679]  c:/go/src/runtime/asm_amd64.s:1357
2020/03/05 17:24:26.490 [server.go:3054]  [HTTP] http: superfluous response.WriteHeader call from github.com/astaxie/beego/context.(*Response).WriteHeader (context.go:230)
2020/03/05 17:24:28.691 [D] [server.go:2802]  |            ::1|[42m 200 [0m|     4.0002ms|   match|[44m GET     [0m /place   r:/place/
2020/03/05 17:24:33.033 [C] [panic.go:679]  the request url is  /place/6
2020/03/05 17:24:33.034 [C] [panic.go:679]  Handler crashed with error can't find templatefile in the path:views/placecontroller/deleteplace.tpl
2020/03/05 17:24:33.034 [C] [panic.go:679]  c:/go/src/runtime/panic.go:679
2020/03/05 17:24:33.034 [C] [panic.go:679]  C:/Users/Victor/go/src/github.com/astaxie/beego/template.go:75
2020/03/05 17:24:33.035 [C] [panic.go:679]  C:/Users/Victor/go/src/github.com/astaxie/beego/controller.go:306
2020/03/05 17:24:33.035 [C] [panic.go:679]  C:/Users/Victor/go/src/github.com/astaxie/beego/controller.go:257
2020/03/05 17:24:33.035 [C] [panic.go:679]  C:/Users/Victor/go/src/github.com/astaxie/beego/controller.go:237
2020/03/05 17:24:33.036 [C] [panic.go:679]  C:/Users/Victor/go/src/github.com/astaxie/beego/router.go:865
2020/03/05 17:24:33.036 [C] [panic.go:679]  c:/go/src/net/http/server.go:2802
2020/03/05 17:24:33.036 [C] [panic.go:679]  c:/go/src/net/http/server.go:1890
2020/03/05 17:24:33.036 [C] [panic.go:679]  c:/go/src/runtime/asm_amd64.s:1357
2020/03/05 17:24:33.038 [server.go:3054]  [HTTP] http: superfluous response.WriteHeader call from github.com/astaxie/beego/context.(*Response).WriteHeader (context.go:230)
2020/03/05 17:24:34.953 [D] [server.go:2802]  |            ::1|[42m 200 [0m|     8.0004ms|   match|[44m GET     [0m /place   r:/place/
2020/03/05 17:24:37.526 [C] [panic.go:679]  the request url is  /place/6
2020/03/05 17:24:37.527 [C] [panic.go:679]  Handler crashed with error can't find templatefile in the path:views/placecontroller/deleteplace.tpl
2020/03/05 17:24:37.527 [C] [panic.go:679]  c:/go/src/runtime/panic.go:679
2020/03/05 17:24:37.527 [C] [panic.go:679]  C:/Users/Victor/go/src/github.com/astaxie/beego/template.go:75
2020/03/05 17:24:37.527 [C] [panic.go:679]  C:/Users/Victor/go/src/github.com/astaxie/beego/controller.go:306
2020/03/05 17:24:37.528 [C] [panic.go:679]  C:/Users/Victor/go/src/github.com/astaxie/beego/controller.go:257
2020/03/05 17:24:37.528 [C] [panic.go:679]  C:/Users/Victor/go/src/github.com/astaxie/beego/controller.go:237
2020/03/05 17:24:37.528 [C] [panic.go:679]  C:/Users/Victor/go/src/github.com/astaxie/beego/router.go:865
2020/03/05 17:24:37.528 [C] [panic.go:679]  c:/go/src/net/http/server.go:2802
2020/03/05 17:24:37.529 [C] [panic.go:679]  c:/go/src/net/http/server.go:1890
2020/03/05 17:24:37.529 [C] [panic.go:679]  c:/go/src/runtime/asm_amd64.s:1357
2020/03/05 17:24:37.530 [server.go:3054]  [HTTP] http: superfluous response.WriteHeader call from github.com/astaxie/beego/context.(*Response).WriteHeader (context.go:230)
2020/03/05 17:26:22.877 [D] [server.go:2802]  |            ::1|[42m 200 [0m|     8.0004ms|   match|[44m GET     [0m /place   r:/place/
2020/03/05 17:29:35.013 [I] [asm_amd64.s:1357]  http server Running on http://:8083
2020/03/05 17:29:36.732 [D] [server.go:2802]  |            ::1|[42m 200 [0m|    23.0013ms|   match|[44m GET     [0m /place   r:/place/
2020/03/05 17:29:39.150 [I] [place.go:71]  Place to be deleted has an ID of:  6 
2020/03/05 17:29:39.156 [C] [panic.go:679]  the request url is  /place/6
2020/03/05 17:29:39.156 [C] [panic.go:679]  Handler crashed with error can't find templatefile in the path:views/placecontroller/deleteplace.tpl
2020/03/05 17:29:39.157 [C] [panic.go:679]  c:/go/src/runtime/panic.go:679
2020/03/05 17:29:39.157 [C] [panic.go:679]  C:/Users/Victor/go/src/github.com/astaxie/beego/template.go:75
2020/03/05 17:29:39.157 [C] [panic.go:679]  C:/Users/Victor/go/src/github.com/astaxie/beego/controller.go:306
2020/03/05 17:29:39.157 [C] [panic.go:679]  C:/Users/Victor/go/src/github.com/astaxie/beego/controller.go:257
2020/03/05 17:29:39.158 [C] [panic.go:679]  C:/Users/Victor/go/src/github.com/astaxie/beego/controller.go:237
2020/03/05 17:29:39.158 [C] [panic.go:679]  C:/Users/Victor/go/src/github.com/astaxie/beego/router.go:865
2020/03/05 17:29:39.158 [C] [panic.go:679]  c:/go/src/net/http/server.go:2802
2020/03/05 17:29:39.158 [C] [panic.go:679]  c:/go/src/net/http/server.go:1890
2020/03/05 17:29:39.159 [C] [panic.go:679]  c:/go/src/runtime/asm_amd64.s:1357
2020/03/05 17:29:39.161 [server.go:3054]  [HTTP] http: superfluous response.WriteHeader call from github.com/astaxie/beego/context.(*Response).WriteHeader (context.go:230)
2020/03/05 17:29:41.374 [D] [server.go:2802]  |            ::1|[42m 200 [0m|    11.0006ms|   match|[44m GET     [0m /place   r:/place/
2020/03/05 17:30:04.844 [I] [asm_amd64.s:1357]  http server Running on http://:8083
2020/03/05 17:30:06.846 [D] [server.go:2802]  |            ::1|[42m 200 [0m|    11.0006ms|   match|[44m GET     [0m /place   r:/place/
2020/03/05 17:30:08.871 [I] [place.go:71]  Place to be deleted has an ID of:  11 
2020/03/05 17:30:08.876 [D] [server.go:2802]  |            ::1|[47m 302 [0m|     5.0003ms|   match|[41m DELETE  [0m /place/11   r:/place/:id:int
2020/03/05 17:30:08.887 [D] [server.go:2802]  |            ::1|[43m 404 [0m|           0s| nomatch|[41m DELETE  [0m /place
2020/03/05 17:30:36.484 [I] [asm_amd64.s:1357]  http server Running on http://:8083
2020/03/05 17:30:39.054 [D] [server.go:2802]  |            ::1|[42m 200 [0m|    15.0009ms|   match|[44m GET     [0m /place   r:/place/
2020/03/05 17:31:10.830 [D] [server.go:2802]  |            ::1|[42m 200 [0m|     5.0003ms|   match|[44m GET     [0m /place   r:/place/
2020/03/05 17:31:12.559 [I] [place.go:71]  Place to be deleted has an ID of:  7 
2020/03/05 17:31:12.563 [C] [panic.go:679]  the request url is  /place/7
2020/03/05 17:31:12.563 [C] [panic.go:679]  Handler crashed with error can't find templatefile in the path:views/placecontroller/deleteplace.tpl
2020/03/05 17:31:12.563 [C] [panic.go:679]  c:/go/src/runtime/panic.go:679
2020/03/05 17:31:12.563 [C] [panic.go:679]  C:/Users/Victor/go/src/github.com/astaxie/beego/template.go:75
2020/03/05 17:31:12.563 [C] [panic.go:679]  C:/Users/Victor/go/src/github.com/astaxie/beego/controller.go:306
2020/03/05 17:31:12.563 [C] [panic.go:679]  C:/Users/Victor/go/src/github.com/astaxie/beego/controller.go:257
2020/03/05 17:31:12.563 [C] [panic.go:679]  C:/Users/Victor/go/src/github.com/astaxie/beego/controller.go:237
2020/03/05 17:31:12.563 [C] [panic.go:679]  C:/Users/Victor/go/src/github.com/astaxie/beego/router.go:865
2020/03/05 17:31:12.563 [C] [panic.go:679]  c:/go/src/net/http/server.go:2802
2020/03/05 17:31:12.563 [C] [panic.go:679]  c:/go/src/net/http/server.go:1890
2020/03/05 17:31:12.564 [C] [panic.go:679]  c:/go/src/runtime/asm_amd64.s:1357
2020/03/05 17:31:12.564 [server.go:3054]  [HTTP] http: superfluous response.WriteHeader call from github.com/astaxie/beego/context.(*Response).WriteHeader (context.go:230)
2020/03/05 17:31:12.605 [D] [server.go:2802]  |            ::1|[42m 200 [0m|    13.0007ms|   match|[44m GET     [0m /place   r:/place/
2020/03/05 17:31:14.525 [D] [server.go:2802]  |            ::1|[42m 200 [0m|     3.0002ms|   match|[44m GET     [0m /place   r:/place/
2020/03/05 17:31:20.462 [I] [place.go:54]  Place to be updated has an ID of:  8 
2020/03/05 17:31:20.466 [C] [panic.go:679]  the request url is  /place/8
2020/03/05 17:31:20.467 [C] [panic.go:679]  Handler crashed with error can't find templatefile in the path:views/placecontroller/updateplace.tpl
2020/03/05 17:31:20.467 [C] [panic.go:679]  c:/go/src/runtime/panic.go:679
2020/03/05 17:31:20.467 [C] [panic.go:679]  C:/Users/Victor/go/src/github.com/astaxie/beego/template.go:75
2020/03/05 17:31:20.468 [C] [panic.go:679]  C:/Users/Victor/go/src/github.com/astaxie/beego/controller.go:306
2020/03/05 17:31:20.468 [C] [panic.go:679]  C:/Users/Victor/go/src/github.com/astaxie/beego/controller.go:257
2020/03/05 17:31:20.468 [C] [panic.go:679]  C:/Users/Victor/go/src/github.com/astaxie/beego/controller.go:237
2020/03/05 17:31:20.469 [C] [panic.go:679]  C:/Users/Victor/go/src/github.com/astaxie/beego/router.go:865
2020/03/05 17:31:20.469 [C] [panic.go:679]  c:/go/src/net/http/server.go:2802
2020/03/05 17:31:20.469 [C] [panic.go:679]  c:/go/src/net/http/server.go:1890
2020/03/05 17:31:20.469 [C] [panic.go:679]  c:/go/src/runtime/asm_amd64.s:1357
2020/03/05 17:31:20.470 [server.go:3054]  [HTTP] http: superfluous response.WriteHeader call from github.com/astaxie/beego/context.(*Response).WriteHeader (context.go:230)
2020/03/05 17:31:20.540 [D] [server.go:2802]  |            ::1|[42m 200 [0m|    29.0017ms|   match|[44m GET     [0m /place   r:/place/
2020/03/05 17:31:23.001 [D] [server.go:2802]  |            ::1|[42m 200 [0m|     9.0005ms|   match|[44m GET     [0m /place   r:/place/
2020/03/05 17:31:31.901 [I] [place.go:54]  Place to be updated has an ID of:  8 
2020/03/05 17:31:31.903 [C] [panic.go:679]  the request url is  /place/8
2020/03/05 17:31:31.904 [C] [panic.go:679]  Handler crashed with error can't find templatefile in the path:views/placecontroller/updateplace.tpl
2020/03/05 17:31:31.905 [C] [panic.go:679]  c:/go/src/runtime/panic.go:679
2020/03/05 17:31:31.905 [C] [panic.go:679]  C:/Users/Victor/go/src/github.com/astaxie/beego/template.go:75
2020/03/05 17:31:31.905 [C] [panic.go:679]  C:/Users/Victor/go/src/github.com/astaxie/beego/controller.go:306
2020/03/05 17:31:31.905 [C] [panic.go:679]  C:/Users/Victor/go/src/github.com/astaxie/beego/controller.go:257
2020/03/05 17:31:31.906 [C] [panic.go:679]  C:/Users/Victor/go/src/github.com/astaxie/beego/controller.go:237
2020/03/05 17:31:31.906 [C] [panic.go:679]  C:/Users/Victor/go/src/github.com/astaxie/beego/router.go:865
2020/03/05 17:31:31.906 [C] [panic.go:679]  c:/go/src/net/http/server.go:2802
2020/03/05 17:31:31.906 [C] [panic.go:679]  c:/go/src/net/http/server.go:1890
2020/03/05 17:31:31.906 [C] [panic.go:679]  c:/go/src/runtime/asm_amd64.s:1357
2020/03/05 17:31:31.906 [server.go:3054]  [HTTP] http: superfluous response.WriteHeader call from github.com/astaxie/beego/context.(*Response).WriteHeader (context.go:230)
2020/03/05 17:31:31.969 [D] [server.go:2802]  |            ::1|[42m 200 [0m|     7.0004ms|   match|[44m GET     [0m /place   r:/place/
2020/03/05 17:31:41.569 [I] [place.go:54]  Place to be updated has an ID of:  9 
2020/03/05 17:31:41.572 [C] [panic.go:679]  the request url is  /place/9
2020/03/05 17:31:41.572 [C] [panic.go:679]  Handler crashed with error can't find templatefile in the path:views/placecontroller/updateplace.tpl
2020/03/05 17:31:41.572 [C] [panic.go:679]  c:/go/src/runtime/panic.go:679
2020/03/05 17:31:41.572 [C] [panic.go:679]  C:/Users/Victor/go/src/github.com/astaxie/beego/template.go:75
2020/03/05 17:31:41.572 [C] [panic.go:679]  C:/Users/Victor/go/src/github.com/astaxie/beego/controller.go:306
2020/03/05 17:31:41.572 [C] [panic.go:679]  C:/Users/Victor/go/src/github.com/astaxie/beego/controller.go:257
2020/03/05 17:31:41.572 [C] [panic.go:679]  C:/Users/Victor/go/src/github.com/astaxie/beego/controller.go:237
2020/03/05 17:31:41.573 [C] [panic.go:679]  C:/Users/Victor/go/src/github.com/astaxie/beego/router.go:865
2020/03/05 17:31:41.573 [C] [panic.go:679]  c:/go/src/net/http/server.go:2802
2020/03/05 17:31:41.573 [C] [panic.go:679]  c:/go/src/net/http/server.go:1890
2020/03/05 17:31:41.573 [C] [panic.go:679]  c:/go/src/runtime/asm_amd64.s:1357
2020/03/05 17:31:41.573 [server.go:3054]  [HTTP] http: superfluous response.WriteHeader call from github.com/astaxie/beego/context.(*Response).WriteHeader (context.go:230)
2020/03/05 17:31:41.608 [D] [server.go:2802]  |            ::1|[42m 200 [0m|    13.0007ms|   match|[44m GET     [0m /place   r:/place/
